Target: S14  |  Trials: 153  |  Grid: 8x16  |  T: 201
Source patients: 9  |  Source trials: 1315
Folds: 5  |  Device: mps

=== Stage 1: Source patient training ===
  S1 epoch 10: train_loss=1.6815, val_loss=1.7503
  S1 epoch 20: train_loss=1.6290, val_loss=1.7637
  S1 epoch 30: train_loss=1.5535, val_loss=1.8227
  S1 epoch 40: train_loss=1.4738, val_loss=1.9481
  S1 epoch 50: train_loss=1.3671, val_loss=1.9223
  S1 epoch 60: train_loss=1.3231, val_loss=1.9658
  S1 epoch 70: train_loss=1.2805, val_loss=2.0300
  S1 epoch 80: train_loss=1.1548, val_loss=2.1129
  S1 early stop at epoch 80
Stage 1 done in 309.2s

=== Stage 2: Target adaptation + evaluation ===
  Fold 1/5: PER=0.8021 (linear=0.8646, kNN=0.8021)  (86.3s)
  Fold 2/5: PER=0.8000 (linear=0.8000, kNN=0.8222)  (319.0s)
  Fold 3/5: PER=0.8222 (linear=0.9333, kNN=0.8222)  (254.8s)
WARNING: time budget exceeded (969s)

---
val_per:            0.808102
val_per_std:        0.010021
fold_pers:          [0.8020833333333334, 0.8, 0.8222222222222222]
linear_pers:        [0.8645833333333334, 0.8, 0.9333333333333333]
knn_pers:           [0.8020833333333334, 0.8222222222222222, 0.8222222222222222]
stage1_seconds:     309.2
training_seconds:   969.5
collapsed:          False
mean_entropy:       2.565
stereotypy:         0.087
unique_ratio:       0.489
