\BOOKMARK [0][-]{part.1}{\376\377\000I\000\040\000P\000r\000o\000b\000l\000e\000m\000\040\000F\000r\000a\000m\000i\000n\000g}{}% 1
\BOOKMARK [1][-]{section.1}{\376\377\000T\000h\000e\000\040\000P\000h\000y\000s\000i\000c\000a\000l\000\040\000P\000r\000o\000b\000l\000e\000m}{part.1}% 2
\BOOKMARK [2][-]{subsection.1.1}{\376\377\000T\000h\000e\000\040\000c\000o\000r\000t\000i\000c\000a\000l\000\040\000s\000u\000r\000f\000a\000c\000e\000,\000\040\000n\000o\000t\000\040\000f\000r\000e\000e\000\040\0003\000D\000\040\000s\000p\000a\000c\000e}{section.1}% 3
\BOOKMARK [2][-]{subsection.1.2}{\376\377\000W\000h\000a\000t\000\040\000m\000a\000k\000e\000s\000\040\000t\000h\000i\000s\000\040\000h\000a\000r\000d}{section.1}% 4
\BOOKMARK [1][-]{section.2}{\376\377\000T\000h\000e\000\040\000S\000h\000a\000r\000e\000d\000\040\000D\000y\000n\000a\000m\000i\000c\000s\000\040\000H\000y\000p\000o\000t\000h\000e\000s\000i\000s}{part.1}% 5
\BOOKMARK [2][-]{subsection.2.1}{\376\377\000E\000v\000i\000d\000e\000n\000c\000e\000\040\000f\000o\000r\000\040\000s\000h\000a\000r\000e\000d\000\040\000d\000y\000n\000a\000m\000i\000c\000s}{section.2}% 6
\BOOKMARK [3][-]{subsubsection.2.1.1}{\376\377\000E\000x\000t\000e\000r\000n\000a\000l\000l\000y\000\040\000e\000s\000t\000a\000b\000l\000i\000s\000h\000e\000d\000\040\000\050\000p\000u\000b\000l\000i\000s\000h\000e\000d\000\040\000l\000i\000t\000e\000r\000a\000t\000u\000r\000e\000\051}{subsection.2.1}% 7
\BOOKMARK [3][-]{subsubsection.2.1.2}{\376\377\000I\000n\000t\000e\000r\000n\000a\000l\000l\000y\000\040\000o\000b\000s\000e\000r\000v\000e\000d\000\040\000\050\000o\000u\000r\000\040\000e\000x\000p\000e\000r\000i\000m\000e\000n\000t\000s\000\051}{subsection.2.1}% 8
\BOOKMARK [3][-]{subsubsection.2.1.3}{\376\377\000W\000o\000r\000k\000i\000n\000g\000\040\000h\000y\000p\000o\000t\000h\000e\000s\000e\000s\000\040\000\050\000p\000l\000a\000u\000s\000i\000b\000l\000e\000\040\000b\000u\000t\000\040\000u\000n\000v\000e\000r\000i\000f\000i\000e\000d\000\051}{subsection.2.1}% 9
\BOOKMARK [1][-]{section.3}{\376\377\000T\000h\000e\000\040\000N\000e\000u\000r\000a\000l\000\040\000M\000a\000n\000i\000f\000o\000l\000d\000\040\000C\000o\000n\000n\000e\000c\000t\000i\000o\000n}{part.1}% 10
\BOOKMARK [2][-]{subsection.3.1}{\376\377\000T\000w\000o\000\040\000v\000i\000e\000w\000s\000\040\000o\000f\000\040\000t\000h\000e\000\040\000s\000a\000m\000e\000\040\000p\000h\000e\000n\000o\000m\000e\000n\000o\000n}{section.3}% 11
\BOOKMARK [2][-]{subsection.3.2}{\376\377\000T\000h\000e\000\040\000f\000a\000c\000t\000o\000r\000i\000z\000a\000t\000i\000o\000n\000\040\000i\000s\000\040\000t\000h\000e\000\040\000k\000e\000y\000\040\000i\000n\000s\000i\000g\000h\000t}{section.3}% 12
\BOOKMARK [2][-]{subsection.3.3}{\376\377\000A\000r\000t\000i\000c\000u\000l\000a\000t\000o\000r\000y\000\040\000m\000a\000n\000i\000f\000o\000l\000d\000\040\000d\000i\000m\000e\000n\000s\000i\000o\000n\000a\000l\000i\000t\000y}{section.3}% 13
\BOOKMARK [2][-]{subsection.3.4}{\376\377\000C\000r\000o\000s\000s\000-\000p\000a\000t\000i\000e\000n\000t\000\040\000t\000r\000a\000n\000s\000f\000e\000r\000\040\000a\000s\000\040\000m\000a\000n\000i\000f\000o\000l\000d\000\040\000a\000l\000i\000g\000n\000m\000e\000n\000t}{section.3}% 14
\BOOKMARK [1][-]{section.4}{\376\377\000D\000e\000c\000o\000m\000p\000o\000s\000i\000n\000g\000\040\000C\000r\000o\000s\000s\000-\000P\000a\000t\000i\000e\000n\000t\000\040\000V\000a\000r\000i\000a\000t\000i\000o\000n}{part.1}% 15
\BOOKMARK [2][-]{subsection.4.1}{\376\377\000T\000h\000e\000\040\000s\000p\000a\000t\000i\000a\000l\000\040\000t\000r\000a\000n\000s\000f\000o\000r\000m\000\040\000T\000i}{section.4}% 16
\BOOKMARK [2][-]{subsection.4.2}{\376\377\000I\000n\000t\000e\000r\000-\000s\000u\000b\000j\000e\000c\000t\000\040\000c\000o\000r\000r\000e\000s\000p\000o\000n\000d\000e\000n\000c\000e\000\040\000u\000n\000c\000e\000r\000t\000a\000i\000n\000t\000y}{section.4}% 17
\BOOKMARK [2][-]{subsection.4.3}{\376\377\000R\000e\000s\000o\000l\000u\000t\000i\000o\000n\000\040\000m\000i\000s\000m\000a\000t\000c\000h\000\040\000i\000m\000p\000l\000i\000e\000s\000\040\000d\000u\000a\000l\000\040\000s\000p\000a\000t\000i\000a\000l\000\040\000e\000n\000c\000o\000d\000i\000n\000g}{section.4}% 18
\BOOKMARK [2][-]{subsection.4.4}{\376\377\000T\000h\000e\000\040\000p\000a\000t\000i\000e\000n\000t\000-\000s\000p\000e\000c\000i\000f\000i\000c\000\040\000r\000e\000s\000i\000d\000u\000a\000l\000\040\000r\000\050\000i\000\051}{section.4}% 19
\BOOKMARK [1][-]{section.5}{\376\377\000W\000h\000a\000t\000\040\000O\000u\000r\000\040\000E\000x\000p\000e\000r\000i\000m\000e\000n\000t\000s\000\040\000R\000e\000v\000e\000a\000l}{part.1}% 20
\BOOKMARK [2][-]{subsection.5.1}{\376\377\000T\000h\000e\000\040\000e\000v\000a\000l\000u\000a\000t\000i\000o\000n\000\040\000r\000e\000c\000i\000p\000e\000\040\000d\000o\000m\000i\000n\000a\000t\000e\000s\000\040\000a\000t\000\040\000t\000h\000i\000s\000\040\000d\000a\000t\000a\000\040\000s\000c\000a\000l\000e}{section.5}% 21
\BOOKMARK [2][-]{subsection.5.2}{\376\377\000M\000u\000l\000t\000i\000-\000s\000c\000a\000l\000e\000\040\000t\000e\000m\000p\000o\000r\000a\000l\000\040\000s\000t\000r\000u\000c\000t\000u\000r\000e\000\040\000i\000s\000\040\000v\000a\000l\000i\000d\000a\000t\000e\000d}{section.5}% 22
\BOOKMARK [2][-]{subsection.5.3}{\376\377\000S\000S\000L\000\040\000f\000e\000a\000t\000u\000r\000e\000s\000\040\000c\000a\000r\000r\000y\000\040\000p\000a\000r\000t\000i\000a\000l\000\040\000s\000t\000r\000u\000c\000t\000u\000r\000e}{section.5}% 23
\BOOKMARK [2][-]{subsection.5.4}{\376\377\000T\000h\000e\000\040\000\040\0000\000.\0007\0006\000\040\000P\000E\000R\000\040\000c\000o\000n\000v\000e\000r\000g\000e\000n\000c\000e\000\040\000o\000n\000\040\000S\0001\0004}{section.5}% 24
\BOOKMARK [1][-]{section.6}{\376\377\000T\000h\000e\000\040\000C\000a\000s\000e\000\040\000f\000o\000r\000\040\000M\000N\000I\000\040\000C\000o\000o\000r\000d\000i\000n\000a\000t\000e\000s}{part.1}% 25
\BOOKMARK [2][-]{subsection.6.1}{\376\377\000C\000u\000r\000r\000e\000n\000t\000l\000y\000\040\000u\000n\000u\000s\000e\000d\000\040\000i\000n\000f\000o\000r\000m\000a\000t\000i\000o\000n}{section.6}% 26
\BOOKMARK [2][-]{subsection.6.2}{\376\377\000W\000h\000a\000t\000\040\000c\000o\000o\000r\000d\000i\000n\000a\000t\000e\000s\000\040\000m\000a\000y\000\040\000p\000r\000o\000v\000i\000d\000e}{section.6}% 27
\BOOKMARK [2][-]{subsection.6.3}{\376\377\000W\000h\000a\000t\000\040\000c\000o\000o\000r\000d\000i\000n\000a\000t\000e\000s\000\040\000d\000o\000\040\000N\000O\000T\000\040\000g\000u\000a\000r\000a\000n\000t\000e\000e}{section.6}% 28
\BOOKMARK [0][-]{part.2}{\376\377\000I\000I\000\040\000C\000r\000o\000s\000s\000-\000D\000i\000s\000c\000i\000p\000l\000i\000n\000a\000r\000y\000\040\000F\000o\000u\000n\000d\000a\000t\000i\000o\000n\000s}{}% 29
\BOOKMARK [1][-]{section.7}{\376\377\000T\000h\000e\000\040\000M\000u\000l\000t\000i\000-\000V\000i\000e\000w\000\040\000R\000e\000c\000o\000n\000s\000t\000r\000u\000c\000t\000i\000o\000n\000\040\000A\000n\000a\000l\000o\000g\000y}{part.2}% 30
\BOOKMARK [2][-]{subsection.7.1}{\376\377\000T\000h\000e\000\040\000p\000o\000s\000e\000\040\000e\000s\000t\000i\000m\000a\000t\000i\000o\000n\000\040\000m\000a\000p\000p\000i\000n\000g}{section.7}% 31
\BOOKMARK [2][-]{subsection.7.2}{\376\377\000W\000h\000a\000t\000\040\000t\000h\000e\000\040\000a\000n\000a\000l\000o\000g\000y\000\040\000r\000e\000v\000e\000a\000l\000s}{section.7}% 32
\BOOKMARK [2][-]{subsection.7.3}{\376\377\000W\000h\000e\000r\000e\000\040\000t\000h\000e\000\040\000a\000n\000a\000l\000o\000g\000y\000\040\000b\000r\000e\000a\000k\000s}{section.7}% 33
\BOOKMARK [1][-]{section.8}{\376\377\000T\000r\000a\000n\000s\000f\000e\000r\000a\000b\000l\000e\000\040\000P\000a\000t\000t\000e\000r\000n\000s\000\040\000f\000r\000o\000m\000\040\0003\000D\000\040\000V\000i\000s\000i\000o\000n\000\040\000\050\0002\0000\0002\0004\040\023\0002\0000\0002\0006\000\051}{part.2}% 34
\BOOKMARK [2][-]{subsection.8.1}{\376\377\000T\000h\000e\000\040\000f\000i\000e\000l\000d\000'\000s\000\040\000t\000r\000a\000j\000e\000c\000t\000o\000r\000y\000:\000\040\000p\000e\000r\000-\000s\000c\000e\000n\000e\000\040\000t\000o\000\040\000f\000e\000e\000d\000-\000f\000o\000r\000w\000a\000r\000d\000\040\000t\000o\000\040\000f\000o\000u\000n\000d\000a\000t\000i\000o\000n\000\040\000m\000o\000d\000e\000l}{section.8}% 35
\BOOKMARK [2][-]{subsection.8.2}{\376\377\000A\000r\000c\000h\000i\000t\000e\000c\000t\000u\000r\000a\000l\000\040\000p\000a\000t\000t\000e\000r\000n\000\040\000v\000a\000l\000i\000d\000a\000t\000i\000o\000n}{section.8}% 36
\BOOKMARK [2][-]{subsection.8.3}{\376\377\000W\000h\000a\000t\000\040\000w\000e\000\040\000a\000r\000e\000\040\000c\000o\000r\000r\000e\000c\000t\000l\000y\000\040\000N\000O\000T\000\040\000d\000o\000i\000n\000g}{section.8}% 37
\BOOKMARK [2][-]{subsection.8.4}{\376\377\000T\000h\000e\000\040\000d\000a\000t\000a\000\040\000s\000c\000a\000l\000e\000\040\000g\000a\000p}{section.8}% 38
\BOOKMARK [1][-]{section.9}{\376\377\000U\000n\000c\000e\000r\000t\000a\000i\000n\000t\000y\000\040\000E\000s\000t\000i\000m\000a\000t\000i\000o\000n}{part.2}% 39
\BOOKMARK [2][-]{subsection.9.1}{\376\377\000F\000r\000o\000m\000\040\000b\000i\000n\000a\000r\000y\000\040\000t\000o\000\040\000c\000o\000n\000t\000i\000n\000u\000o\000u\000s\000\040\000c\000o\000n\000f\000i\000d\000e\000n\000c\000e}{section.9}% 40
\BOOKMARK [2][-]{subsection.9.2}{\376\377\000T\000w\000o\000\040\000t\000y\000p\000e\000s\000\040\000o\000f\000\040\000u\000n\000c\000e\000r\000t\000a\000i\000n\000t\000y}{section.9}% 41
\BOOKMARK [2][-]{subsection.9.3}{\376\377\000R\000e\000c\000o\000m\000m\000e\000n\000d\000e\000d\000\040\000u\000n\000c\000e\000r\000t\000a\000i\000n\000t\000y\000\040\000s\000t\000a\000c\000k}{section.9}% 42
\BOOKMARK [3][-]{subsubsection.9.3.1}{\376\377\000T\000i\000e\000r\000\040\0001\000:\000\040\000M\000i\000n\000i\000m\000a\000l\000\040\000i\000m\000p\000l\000e\000m\000e\000n\000t\000a\000t\000i\000o\000n\000,\000\040\000h\000i\000g\000h\000\040\000v\000a\000l\000u\000e}{subsection.9.3}% 43
\BOOKMARK [3][-]{subsubsection.9.3.2}{\376\377\000T\000i\000e\000r\000\040\0002\000:\000\040\000M\000o\000d\000e\000r\000a\000t\000e\000\040\000i\000m\000p\000l\000e\000m\000e\000n\000t\000a\000t\000i\000o\000n}{subsection.9.3}% 44
\BOOKMARK [2][-]{subsection.9.4}{\376\377\000H\000o\000w\000\040\000u\000n\000c\000e\000r\000t\000a\000i\000n\000t\000y\000\040\000c\000o\000n\000n\000e\000c\000t\000s\000\040\000t\000o\000\040\000t\000h\000e\000\040\000a\000r\000c\000h\000i\000t\000e\000c\000t\000u\000r\000e}{section.9}% 45
\BOOKMARK [0][-]{part.3}{\376\377\000I\000I\000I\000\040\000A\000r\000c\000h\000i\000t\000e\000c\000t\000u\000r\000e\000\040\000D\000e\000s\000i\000g\000n}{}% 46
\BOOKMARK [1][-]{section.10}{\376\377\000T\000h\000e\000\040\000I\000m\000p\000l\000e\000m\000e\000n\000t\000e\000d\000\040\000M\000o\000d\000e\000l}{part.3}% 47
\BOOKMARK [1][-]{section.11}{\376\377\000D\000e\000s\000i\000g\000n\000\040\000P\000r\000i\000n\000c\000i\000p\000l\000e\000s}{part.3}% 48
\BOOKMARK [1][-]{section.12}{\376\377\000S\000p\000a\000t\000i\000a\000l\000\040\000E\000n\000c\000o\000d\000e\000r\000\040\000\050\000\040\0001\0000\0000\000K\000\040\000p\000a\000r\000a\000m\000s\000\051}{part.3}% 49
\BOOKMARK [2][-]{subsection.12.1}{\376\377\000E\000l\000e\000c\000t\000r\000o\000d\000e\000\040\000t\000o\000k\000e\000n\000s}{section.12}% 50
\BOOKMARK [2][-]{subsection.12.2}{\376\377\000P\000e\000r\000c\000e\000i\000v\000e\000r\000\040\000c\000r\000o\000s\000s\000-\000a\000t\000t\000e\000n\000t\000i\000o\000n\000\040\000w\000i\000t\000h\000\040\000d\000i\000s\000t\000a\000n\000c\000e\000\040\000b\000i\000a\000s}{section.12}% 51
\BOOKMARK [2][-]{subsection.12.3}{\376\377\000S\000p\000a\000t\000i\000a\000l\000\040\000r\000e\000a\000d\000o\000u\000t\000:\000\040\000a\000t\000t\000e\000n\000t\000i\000o\000n\000\040\000p\000o\000o\000l\000i\000n\000g\000\040\000\050\000n\000o\000t\000\040\000M\000a\000x\000P\000o\000o\000l\000\051}{section.12}% 52
\BOOKMARK [2][-]{subsection.12.4}{\376\377\000P\000a\000r\000a\000m\000e\000t\000e\000r\000\040\000c\000o\000u\000n\000t}{section.12}% 53
\BOOKMARK [1][-]{section.13}{\376\377\000O\000b\000s\000e\000r\000v\000a\000t\000i\000o\000n\000\040\000D\000e\000c\000o\000d\000e\000r\000\040\000\050\000\040\0002\0005\000K\000\040\000p\000a\000r\000a\000m\000s\000\051}{part.3}% 54
\BOOKMARK [2][-]{subsection.13.1}{\376\377\000P\000o\000s\000i\000t\000i\000o\000n\000-\000w\000e\000i\000g\000h\000t\000e\000d\000\040\000l\000a\000t\000e\000n\000t\000\040\000a\000g\000g\000r\000e\000g\000a\000t\000i\000o\000n}{section.13}% 55
\BOOKMARK [2][-]{subsection.13.2}{\376\377\000B\000i\000l\000i\000n\000e\000a\000r\000\040\000o\000b\000s\000e\000r\000v\000a\000t\000i\000o\000n\000\040\000m\000o\000d\000e\000l}{section.13}% 56
\BOOKMARK [2][-]{subsection.13.3}{\376\377\000R\000e\000p\000r\000o\000j\000e\000c\000t\000i\000o\000n\000\040\000l\000o\000s\000s\000\040\000\050\000s\000e\000l\000f\000-\000s\000u\000p\000e\000r\000v\000i\000s\000e\000d\000\051}{section.13}% 57
\BOOKMARK [1][-]{section.14}{\376\377\000T\000e\000m\000p\000o\000r\000a\000l\000\040\000E\000n\000c\000o\000d\000e\000r\000\040\000\050\000\040\0007\0000\000K\000\040\000p\000a\000r\000a\000m\000s\000\051}{part.3}% 58
\BOOKMARK [2][-]{subsection.14.1}{\376\377\000M\000u\000l\000t\000i\000-\000s\000c\000a\000l\000e\000\040\000t\000o\000k\000e\000n\000i\000z\000a\000t\000i\000o\000n}{section.14}% 59
\BOOKMARK [2][-]{subsection.14.2}{\376\377\000T\000e\000m\000p\000o\000r\000a\000l\000\040\000t\000r\000a\000n\000s\000f\000o\000r\000m\000e\000r}{section.14}% 60
\BOOKMARK [2][-]{subsection.14.3}{\376\377\000R\000e\000a\000d\000o\000u\000t}{section.14}% 61
\BOOKMARK [1][-]{section.15}{\376\377\000P\000h\000o\000n\000e\000m\000e\000\040\000D\000e\000c\000o\000d\000e\000r\000\040\000\050\000\040\0005\000K\000\040\000p\000a\000r\000a\000m\000s\000\051}{part.3}% 62
\BOOKMARK [1][-]{section.16}{\376\377\000C\000o\000m\000p\000l\000e\000t\000e\000\040\000A\000r\000c\000h\000i\000t\000e\000c\000t\000u\000r\000e}{part.3}% 63
\BOOKMARK [0][-]{part.4}{\376\377\000I\000V\000\040\000T\000r\000a\000i\000n\000i\000n\000g\000,\000\040\000E\000v\000a\000l\000u\000a\000t\000i\000o\000n\000,\000\040\000a\000n\000d\000\040\000E\000x\000p\000e\000r\000i\000m\000e\000n\000t\000a\000l\000\040\000D\000e\000s\000i\000g\000n}{}% 64
\BOOKMARK [1][-]{section.17}{\376\377\000T\000r\000a\000i\000n\000i\000n\000g\000\040\000P\000i\000p\000e\000l\000i\000n\000e}{part.4}% 65
\BOOKMARK [2][-]{subsection.17.1}{\376\377\000P\000h\000a\000s\000e\000\040\0001\000:\000\040\000S\000o\000u\000r\000c\000e\000\040\000p\000a\000t\000i\000e\000n\000t\000\040\000t\000r\000a\000i\000n\000i\000n\000g\000\040\000\050\000s\000u\000p\000e\000r\000v\000i\000s\000e\000d\000\040\000+\000\040\000r\000e\000p\000r\000o\000j\000e\000c\000t\000i\000o\000n\000\051}{section.17}% 66
\BOOKMARK [2][-]{subsection.17.2}{\376\377\000P\000h\000a\000s\000e\000\040\0002\000:\000\040\000T\000a\000r\000g\000e\000t\000\040\000a\000d\000a\000p\000t\000a\000t\000i\000o\000n\000\040\000\050\000L\000P\000-\000F\000T\000\051}{section.17}% 67
\BOOKMARK [2][-]{subsection.17.3}{\376\377\000P\000h\000a\000s\000e\000\040\0003\000\040\000\050\000o\000p\000t\000i\000o\000n\000a\000l\000\051\000:\000\040\000T\000r\000a\000n\000s\000d\000u\000c\000t\000i\000v\000e\000\040\000r\000e\000p\000r\000o\000j\000e\000c\000t\000i\000o\000n\000\040\000p\000r\000e\000-\000t\000r\000a\000i\000n\000i\000n\000g}{section.17}% 68
\BOOKMARK [1][-]{section.18}{\376\377\000E\000v\000a\000l\000u\000a\000t\000i\000o\000n\000\040\000P\000r\000o\000t\000o\000c\000o\000l}{part.4}% 69
\BOOKMARK [2][-]{subsection.18.1}{\376\377\000T\000h\000r\000e\000e\000\040\000e\000v\000a\000l\000u\000a\000t\000i\000o\000n\000\040\000r\000e\000g\000i\000m\000e\000s}{section.18}% 70
\BOOKMARK [2][-]{subsection.18.2}{\376\377\000M\000e\000t\000r\000i\000c\000s\000\040\000a\000n\000d\000\040\000p\000r\000o\000t\000o\000c\000o\000l}{section.18}% 71
\BOOKMARK [1][-]{section.19}{\376\377\000A\000b\000l\000a\000t\000i\000o\000n\000\040\000E\000x\000p\000e\000r\000i\000m\000e\000n\000t\000s}{part.4}% 72
\BOOKMARK [1][-]{section.20}{\376\377\000E\000x\000p\000e\000r\000i\000m\000e\000n\000t\000a\000l\000\040\000P\000r\000i\000o\000r\000i\000t\000i\000e\000s}{part.4}% 73
\BOOKMARK [1][-]{section.21}{\376\377\000S\000u\000c\000c\000e\000s\000s\000\040\000C\000r\000i\000t\000e\000r\000i\000a}{part.4}% 74
\BOOKMARK [1][-]{section.22}{\376\377\000A\000v\000a\000i\000l\000a\000b\000l\000e\000\040\000D\000a\000t\000a}{part.4}% 75
\BOOKMARK [1][-]{section.23}{\376\377\000M\000N\000I\000\040\000C\000o\000o\000r\000d\000i\000n\000a\000t\000e\000\040\000S\000o\000u\000r\000c\000i\000n\000g}{part.4}% 76
\BOOKMARK [1][-]{section.24}{\376\377\000R\000i\000s\000k\000\040\000A\000s\000s\000e\000s\000s\000m\000e\000n\000t}{part.4}% 77
\BOOKMARK [1][-]{section.25}{\376\377\000S\000u\000m\000m\000a\000r\000y}{part.4}% 78
